2024-09-18T13:15:36.807+08:00  WARN 9432 --- [CampusExchange] [http-nio-8080-exec-6] c.e.c.config.GlobalExceptionHandler      : 点赞记录 userId = 183, postId = 147 不存在, 无法移除
2024-09-18T13:15:36.807+08:00  WARN 9432 --- [CampusExchange] [http-nio-8080-exec-3] c.e.c.config.GlobalExceptionHandler      : 收藏记录 userId = 183, postId = 147 不存在, 无法移除
2024-09-18T13:19:38.765+08:00  WARN 9432 --- [CampusExchange] [http-nio-8080-exec-8] c.e.c.config.GlobalExceptionHandler      : 点赞记录 userId = 183, postId = 147 已存在, 无法再次添加
2024-09-18T13:19:38.765+08:00  WARN 9432 --- [CampusExchange] [http-nio-8080-exec-7] c.e.c.config.GlobalExceptionHandler      : 收藏记录 userId = 183, postId = 147 已存在, 无法再次添加
2024-09-18T13:19:53.948+08:00  WARN 9432 --- [CampusExchange] [http-nio-8080-exec-1] c.e.c.config.GlobalExceptionHandler      : 点赞记录 userId = 183, postId = 147 已存在, 无法再次添加
2024-09-18T13:19:53.948+08:00  WARN 9432 --- [CampusExchange] [http-nio-8080-exec-10] c.e.c.config.GlobalExceptionHandler      : 收藏记录 userId = 183, postId = 147 已存在, 无法再次添加
2024-09-18T14:23:10.880+08:00  WARN 5928 --- [CampusExchange] [http-nio-8080-exec-1] c.e.c.controller.PostController          : currentUserId = 183
2024-09-18T14:49:09.387+08:00  WARN 8368 --- [CampusExchange] [http-nio-8080-exec-1] .w.s.m.s.DefaultHandlerExceptionResolver : Resolved [org.springframework.web.bind.MissingServletRequestParameterException: Required request parameter 'currentUserId' for method parameter type int is not present]
2024-09-18T14:49:51.557+08:00  WARN 8368 --- [CampusExchange] [http-nio-8080-exec-5] .w.s.m.s.DefaultHandlerExceptionResolver : Resolved [org.springframework.web.bind.MissingServletRequestParameterException: Required request parameter 'currentUserId' for method parameter type int is not present]
2024-09-18T14:50:03.956+08:00  WARN 8368 --- [CampusExchange] [http-nio-8080-exec-8] .w.s.m.s.DefaultHandlerExceptionResolver : Resolved [org.springframework.web.bind.MissingServletRequestParameterException: Required request parameter 'currentUserId' for method parameter type int is not present]
2024-09-18T14:50:07.741+08:00  WARN 8368 --- [CampusExchange] [http-nio-8080-exec-9] .w.s.m.s.DefaultHandlerExceptionResolver : Resolved [org.springframework.web.bind.MissingServletRequestParameterException: Required request parameter 'currentUserId' for method parameter type int is not present]
2024-09-18T14:50:26.388+08:00  WARN 8368 --- [CampusExchange] [http-nio-8080-exec-10] c.e.c.controller.PostController          : currentUserId = 183
2024-09-18T14:52:14.121+08:00  WARN 8368 --- [CampusExchange] [http-nio-8080-exec-1] c.e.c.controller.PostController          : currentUserId = 183
2024-09-18T14:54:32.634+08:00  WARN 8368 --- [CampusExchange] [http-nio-8080-exec-5] c.e.c.controller.PostController          : currentUserId = 183
2024-09-18T14:54:57.718+08:00  WARN 8368 --- [CampusExchange] [http-nio-8080-exec-4] c.e.c.controller.PostController          : currentUserId = 183
2024-09-18T14:56:19.997+08:00  WARN 8368 --- [CampusExchange] [http-nio-8080-exec-6] c.e.c.controller.PostController          : currentUserId = 183
2024-09-18T14:56:20.970+08:00  WARN 8368 --- [CampusExchange] [http-nio-8080-exec-9] c.e.c.controller.PostController          : currentUserId = 183
2024-09-18T14:56:34.185+08:00  WARN 8368 --- [CampusExchange] [http-nio-8080-exec-3] c.e.c.config.GlobalExceptionHandler      : 点赞记录 userId = 183, postId = 147 已存在, 无法再次添加
2024-09-18T14:56:35.953+08:00  WARN 8368 --- [CampusExchange] [http-nio-8080-exec-2] c.e.c.controller.PostController          : currentUserId = 183
2024-09-18T14:57:15.175+08:00  WARN 8368 --- [CampusExchange] [http-nio-8080-exec-7] c.e.c.controller.PostController          : currentUserId = 183
2024-09-18T14:57:16.104+08:00  WARN 8368 --- [CampusExchange] [http-nio-8080-exec-5] c.e.c.controller.PostController          : currentUserId = 183
2024-09-18T14:57:18.300+08:00  WARN 8368 --- [CampusExchange] [http-nio-8080-exec-8] c.e.c.controller.PostController          : currentUserId = 183
2024-09-18T14:57:45.924+08:00  WARN 8368 --- [CampusExchange] [http-nio-8080-exec-10] c.e.c.config.GlobalExceptionHandler      : 收藏记录 userId = 183, postId = 147 已存在, 无法再次添加
2024-09-18T14:57:45.924+08:00  WARN 8368 --- [CampusExchange] [http-nio-8080-exec-3] c.e.c.config.GlobalExceptionHandler      : 点赞记录 userId = 183, postId = 147 已存在, 无法再次添加
2024-09-18T14:57:51.347+08:00  WARN 8368 --- [CampusExchange] [http-nio-8080-exec-2] c.e.c.controller.PostController          : currentUserId = 183
2024-09-18T15:01:47.747+08:00  WARN 8368 --- [CampusExchange] [http-nio-8080-exec-4] c.e.c.controller.PostController          : currentUserId = 183
2024-09-18T15:01:48.695+08:00  WARN 8368 --- [CampusExchange] [http-nio-8080-exec-8] c.e.c.controller.PostController          : currentUserId = 183
2024-09-18T15:07:43.141+08:00  WARN 8368 --- [CampusExchange] [http-nio-8080-exec-9] c.e.c.controller.PostController          : currentUserId = 183
2024-09-18T15:08:24.710+08:00  WARN 8368 --- [CampusExchange] [http-nio-8080-exec-3] c.e.c.controller.PostController          : currentUserId = 183
2024-09-18T15:08:26.172+08:00  WARN 8368 --- [CampusExchange] [http-nio-8080-exec-10] c.e.c.controller.PostController          : currentUserId = 183
2024-09-18T15:08:35.356+08:00  WARN 8368 --- [CampusExchange] [http-nio-8080-exec-2] c.e.c.controller.PostController          : currentUserId = 183
2024-09-18T15:08:36.741+08:00  WARN 8368 --- [CampusExchange] [http-nio-8080-exec-1] c.e.c.controller.PostController          : currentUserId = 183
2024-09-18T15:08:48.630+08:00  WARN 8368 --- [CampusExchange] [http-nio-8080-exec-7] c.e.c.controller.PostController          : currentUserId = 183
2024-09-18T15:09:08.082+08:00  WARN 8368 --- [CampusExchange] [http-nio-8080-exec-5] c.e.c.controller.PostController          : currentUserId = 183
2024-09-18T15:09:09.673+08:00  WARN 8368 --- [CampusExchange] [http-nio-8080-exec-4] c.e.c.controller.PostController          : currentUserId = 183
2024-09-18T15:10:46.803+08:00  WARN 8368 --- [CampusExchange] [http-nio-8080-exec-6] c.e.c.controller.PostController          : currentUserId = 183
2024-09-18T15:13:48.104+08:00  WARN 8368 --- [CampusExchange] [http-nio-8080-exec-3] c.e.c.controller.PostController          : currentUserId = 183
2024-09-18T15:13:49.505+08:00  WARN 8368 --- [CampusExchange] [http-nio-8080-exec-10] c.e.c.controller.PostController          : currentUserId = 183
2024-09-18T15:14:53.374+08:00  WARN 8368 --- [CampusExchange] [http-nio-8080-exec-1] c.e.c.controller.PostController          : currentUserId = 183
2024-09-18T15:14:55.085+08:00  WARN 8368 --- [CampusExchange] [http-nio-8080-exec-7] c.e.c.controller.PostController          : currentUserId = 183
2024-09-18T15:15:36.103+08:00  WARN 8368 --- [CampusExchange] [http-nio-8080-exec-5] c.e.c.controller.PostController          : currentUserId = 183
2024-09-18T15:27:43.498+08:00  WARN 8368 --- [CampusExchange] [http-nio-8080-exec-8] c.e.c.controller.PostController          : currentUserId = 183
2024-09-18T15:30:22.287+08:00  WARN 8368 --- [CampusExchange] [http-nio-8080-exec-9] c.e.c.controller.PostController          : currentUserId = 183
2024-09-18T15:30:23.788+08:00  WARN 8368 --- [CampusExchange] [http-nio-8080-exec-3] c.e.c.controller.PostController          : currentUserId = 183
2024-09-18T15:31:13.199+08:00  WARN 8368 --- [CampusExchange] [http-nio-8080-exec-10] c.e.c.controller.PostController          : currentUserId = 183
2024-09-18T15:31:46.150+08:00  WARN 8368 --- [CampusExchange] [http-nio-8080-exec-2] c.e.c.controller.PostController          : currentUserId = 183
2024-09-18T15:31:47.596+08:00  WARN 8368 --- [CampusExchange] [http-nio-8080-exec-1] c.e.c.controller.PostController          : currentUserId = 183
2024-09-18T15:32:09.311+08:00  WARN 8368 --- [CampusExchange] [http-nio-8080-exec-7] c.e.c.controller.PostController          : currentUserId = 183
2024-09-18T15:32:31.424+08:00  WARN 8368 --- [CampusExchange] [http-nio-8080-exec-5] c.e.c.controller.PostController          : currentUserId = 183
2024-09-18T15:32:37.818+08:00  WARN 8368 --- [CampusExchange] [http-nio-8080-exec-4] c.e.c.controller.PostController          : currentUserId = 183
2024-09-18T15:32:54.872+08:00  WARN 8368 --- [CampusExchange] [http-nio-8080-exec-8] c.e.c.config.GlobalExceptionHandler      : 点赞记录 userId = 183, postId = 147 已存在, 无法再次添加
2024-09-18T15:32:56.242+08:00  WARN 8368 --- [CampusExchange] [http-nio-8080-exec-9] c.e.c.controller.PostController          : currentUserId = 183
2024-09-18T15:34:22.316+08:00  WARN 8368 --- [CampusExchange] [http-nio-8080-exec-1] c.e.c.controller.PostController          : currentUserId = 183
2024-09-18T15:34:23.762+08:00  WARN 8368 --- [CampusExchange] [http-nio-8080-exec-5] c.e.c.controller.PostController          : currentUserId = 183
2024-09-18T15:34:52.947+08:00  WARN 8368 --- [CampusExchange] [http-nio-8080-exec-4] c.e.c.controller.PostController          : currentUserId = 183
2024-09-18T15:34:54.393+08:00  WARN 8368 --- [CampusExchange] [http-nio-8080-exec-8] c.e.c.controller.PostController          : currentUserId = 183
2024-09-18T15:36:15.851+08:00  WARN 8368 --- [CampusExchange] [http-nio-8080-exec-9] c.e.c.controller.PostController          : currentUserId = 183
2024-09-18T15:36:35.386+08:00  WARN 8368 --- [CampusExchange] [http-nio-8080-exec-3] c.e.c.controller.PostController          : currentUserId = 183
2024-09-18T15:46:39.296+08:00  WARN 8368 --- [CampusExchange] [http-nio-8080-exec-2] c.e.c.controller.PostController          : currentUserId = 183
2024-09-18T15:46:41.327+08:00  WARN 8368 --- [CampusExchange] [http-nio-8080-exec-1] c.e.c.controller.PostController          : currentUserId = 183
2024-09-18T15:48:15.666+08:00  WARN 8368 --- [CampusExchange] [http-nio-8080-exec-5] c.e.c.controller.PostController          : currentUserId = 183
2024-09-18T15:48:26.852+08:00  WARN 8368 --- [CampusExchange] [http-nio-8080-exec-4] c.e.c.controller.PostController          : currentUserId = 183
2024-09-18T15:48:28.038+08:00  WARN 8368 --- [CampusExchange] [http-nio-8080-exec-8] c.e.c.controller.PostController          : currentUserId = 183
2024-09-18T15:48:39.349+08:00  WARN 8368 --- [CampusExchange] [http-nio-8080-exec-6] c.e.c.config.GlobalExceptionHandler      : 点赞记录 userId = 183, postId = 147 已存在, 无法再次添加
2024-09-18T15:48:40.553+08:00  WARN 8368 --- [CampusExchange] [http-nio-8080-exec-3] c.e.c.controller.PostController          : currentUserId = 183
2024-09-18T15:48:53.816+08:00  WARN 8368 --- [CampusExchange] [http-nio-8080-exec-2] c.e.c.controller.PostController          : currentUserId = 183
2024-09-18T15:49:02.425+08:00  WARN 8368 --- [CampusExchange] [http-nio-8080-exec-7] c.e.c.controller.PostController          : currentUserId = 183
2024-09-18T15:49:03.830+08:00  WARN 8368 --- [CampusExchange] [http-nio-8080-exec-4] c.e.c.controller.PostController          : currentUserId = 183
2024-09-18T15:50:01.877+08:00  WARN 8368 --- [CampusExchange] [http-nio-8080-exec-6] c.e.c.controller.PostController          : currentUserId = 183
2024-09-18T15:50:08.580+08:00  WARN 8368 --- [CampusExchange] [http-nio-8080-exec-9] c.e.c.controller.PostController          : currentUserId = 183
2024-09-18T15:50:25.659+08:00  WARN 8368 --- [CampusExchange] [http-nio-8080-exec-10] c.e.c.controller.PostController          : currentUserId = 183
2024-09-18T15:52:01.048+08:00  WARN 8368 --- [CampusExchange] [http-nio-8080-exec-5] c.e.c.controller.PostController          : currentUserId = 183
2024-09-18T15:52:04.357+08:00  WARN 8368 --- [CampusExchange] [http-nio-8080-exec-8] c.e.c.controller.PostController          : currentUserId = 183
2024-09-18T15:52:25.427+08:00  WARN 8368 --- [CampusExchange] [http-nio-8080-exec-6] c.e.c.controller.PostController          : currentUserId = 183
2024-09-18T15:52:28.390+08:00  WARN 8368 --- [CampusExchange] [http-nio-8080-exec-9] c.e.c.controller.PostController          : currentUserId = 183
2024-09-18T15:52:31.813+08:00  WARN 8368 --- [CampusExchange] [http-nio-8080-exec-10] c.e.c.controller.PostController          : currentUserId = 183
2024-09-18T15:52:35.804+08:00  WARN 8368 --- [CampusExchange] [http-nio-8080-exec-1] c.e.c.controller.PostController          : currentUserId = 183
2024-09-18T15:52:45.337+08:00  WARN 8368 --- [CampusExchange] [http-nio-8080-exec-5] c.e.c.controller.PostController          : currentUserId = 183
2024-09-18T15:53:24.033+08:00  WARN 8368 --- [CampusExchange] [http-nio-8080-exec-4] c.e.c.controller.PostController          : currentUserId = 183
2024-09-18T15:53:25.599+08:00  WARN 8368 --- [CampusExchange] [http-nio-8080-exec-8] c.e.c.controller.PostController          : currentUserId = 183
2024-09-18T15:55:31.744+08:00  WARN 8368 --- [CampusExchange] [http-nio-8080-exec-3] c.e.c.controller.PostController          : currentUserId = 183
2024-09-18T15:55:33.009+08:00  WARN 8368 --- [CampusExchange] [http-nio-8080-exec-2] c.e.c.controller.PostController          : currentUserId = 183
2024-09-18T15:55:36.688+08:00  WARN 8368 --- [CampusExchange] [http-nio-8080-exec-7] c.e.c.controller.PostController          : currentUserId = 183
2024-09-18T15:55:39.431+08:00  WARN 8368 --- [CampusExchange] [http-nio-8080-exec-4] c.e.c.controller.PostController          : currentUserId = 183
2024-09-18T15:55:45.232+08:00  WARN 8368 --- [CampusExchange] [http-nio-8080-exec-9] c.e.c.controller.PostController          : currentUserId = 183
2024-09-18T15:55:48.054+08:00  WARN 8368 --- [CampusExchange] [http-nio-8080-exec-10] c.e.c.controller.PostController          : currentUserId = 183
2024-09-18T15:55:52.719+08:00  WARN 8368 --- [CampusExchange] [http-nio-8080-exec-1] c.e.c.controller.PostController          : currentUserId = 183
2024-09-18T15:55:56.775+08:00  WARN 8368 --- [CampusExchange] [http-nio-8080-exec-4] c.e.c.controller.PostController          : currentUserId = 183
2024-09-18T15:56:02.189+08:00  WARN 8368 --- [CampusExchange] [http-nio-8080-exec-3] c.e.c.controller.PostController          : currentUserId = 183
2024-09-18T15:56:05.374+08:00  WARN 8368 --- [CampusExchange] [http-nio-8080-exec-2] c.e.c.controller.PostController          : currentUserId = 183
2024-09-18T15:56:07.693+08:00  WARN 8368 --- [CampusExchange] [http-nio-8080-exec-1] c.e.c.controller.PostController          : currentUserId = 183
2024-09-18T15:56:12.246+08:00  WARN 8368 --- [CampusExchange] [http-nio-8080-exec-4] c.e.c.controller.PostController          : currentUserId = 183
2024-09-18T15:56:15.712+08:00  WARN 8368 --- [CampusExchange] [http-nio-8080-exec-6] c.e.c.controller.PostController          : currentUserId = 183
2024-09-18T15:56:18.022+08:00  WARN 8368 --- [CampusExchange] [http-nio-8080-exec-9] c.e.c.controller.PostController          : currentUserId = 183
2024-09-18T15:57:02.361+08:00  WARN 8368 --- [CampusExchange] [http-nio-8080-exec-10] c.e.c.controller.PostController          : currentUserId = 183
2024-09-18T15:57:03.424+08:00  WARN 8368 --- [CampusExchange] [http-nio-8080-exec-2] c.e.c.controller.PostController          : currentUserId = 183
2024-09-18T15:57:05.882+08:00  WARN 8368 --- [CampusExchange] [http-nio-8080-exec-5] c.e.c.controller.PostController          : currentUserId = 183
2024-09-18T15:57:23.911+08:00  WARN 8368 --- [CampusExchange] [http-nio-8080-exec-6] c.e.c.controller.PostController          : currentUserId = 183
